Flutter crash report.
Please report a bug at https://github.com/flutter/flutter/issues.

## command

flutter debug_adapter

## exception

RPCError: getIsolate: (-32603) Unexpected DWDS error for getIsolate: Bad state: No running isolate (inspector is not set).

```
#0      new _OutstandingRequest (package:vm_service/src/vm_service.dart:265:34)
#1      VmService._call.<anonymous closure> (package:vm_service/src/vm_service.dart:1921:25)
#2      VmService._call (package:vm_service/src/vm_service.dart:1933:8)
#3      VmService.getIsolate (package:vm_service/src/vm_service.dart:1009:7)
#4      IsolateManager._sendLibraryDebuggables (package:dds/src/dap/isolate_manager.dart:1034:35)
#5      IsolateManager._configureIsolate (package:dds/src/dap/isolate_manager.dart:555:9)
#6      IsolateManager.registerIsolate (package:dds/src/dap/isolate_manager.dart:246:13)
#7      IsolateManager.handleEvent (package:dds/src/dap/isolate_manager.dart:189:13)
#8      DartDebugAdapter.handleIsolateEvent (package:dds/src/dap/adapters/dart.dart:2488:26)
<asynchronous suspension>
#9      DartDebugAdapter._withErrorHandling (package:dds/src/dap/adapters/dart.dart:2819:14)
<asynchronous suspension>
```

## flutter doctor

```
[✓] Flutter (Channel beta, 3.33.0-0.2.pre, on Microsoft Windows [Version 10.0.26100.6899], locale vi-VN) [2,2s]
    • Flutter version 3.33.0-0.2.pre on channel beta at C:\Users\ALIENWARE\Downloads\flutter_windows_3.29.3-stable\flutter
    • Upstream repository https://github.com/flutter/flutter.git
    • Framework revision 1db45f7408 (5 months ago), 2025-05-29 10:05:06 -0700
    • Engine revision 308a517184
    • Dart version 3.9.0 (build 3.9.0-100.2.beta)
    • DevTools version 2.46.0

[✓] Windows Version (11 Home 64-bit, 24H2, 2009) [1.386ms]

[!] Android toolchain - develop for Android devices (Android SDK version 36.0.0) [18,6s]
    • Android SDK at C:\Users\ALIENWARE\AppData\Local\Android\sdk
    • Emulator version 35.5.10.0 (build_id 13402964) (CL:N/A)
    • Platform android-36, build-tools 36.0.0
    • Java binary at: C:\Program Files\Java\jdk-17.0.15+6\bin\java
      This JDK is specified in your Flutter configuration.
      To change the current JDK, run: `flutter config --jdk-dir="path/to/jdk"`.
    • Java version OpenJDK Runtime Environment Temurin-17.0.15+6 (build 17.0.15+6)
    ! Some Android licenses not accepted. To resolve this, run: flutter doctor --android-licenses

[✓] Chrome - develop for the web [23ms]
    • Chrome at C:\Program Files\Google\Chrome\Application\chrome.exe

[✗] Visual Studio - develop Windows apps [21ms]
    ✗ Visual Studio not installed; this is necessary to develop Windows apps.
      Download at https://visualstudio.microsoft.com/downloads/.
      Please install the "Desktop development with C++" workload, including all of its default components

[✓] Android Studio (version 2024.3.2) [18ms]
    • Android Studio at C:\Program Files\Android\Android Studio
    • Flutter plugin can be installed from:
      🔨 https://plugins.jetbrains.com/plugin/9212-flutter
    • Dart plugin can be installed from:
      🔨 https://plugins.jetbrains.com/plugin/6351-dart
    • Java version OpenJDK Runtime Environment (build 21.0.6+-13368085-b895.109)

[✓] VS Code (version unknown) [15ms]
    • VS Code at C:\Users\ALIENWARE\AppData\Local\Programs\Microsoft VS Code
    • Flutter extension version 3.118.0
    ✗ Unable to determine VS Code version.

[✓] Connected device (3 available) [323ms]
    • Windows (desktop) • windows • windows-x64    • Microsoft Windows [Version 10.0.26100.6899]
    • Chrome (web)      • chrome  • web-javascript • Google Chrome 141.0.7390.123
    • Edge (web)        • edge    • web-javascript • Microsoft Edge 141.0.3537.99

[✓] Network resources [528ms]
    • All expected network resources are available.

! Doctor found issues in 2 categories.
```
